2021-09-25 15:58:19 [main] INFO  e.m.c.s.CourseAssignmentForUsApplication - Started CourseAssignmentForUsApplication in 5.747 seconds (JVM running for 7.524)
2021-09-25 18:47:38 [main] INFO  e.m.c.s.CourseAssignmentForUsApplication - Starting CourseAssignmentForUsApplication using Java 11.0.12 on LAPTOPEM4E837L with PID 4396 (C:\Learning materials\Spring\Spring August\course-assignment-for-us\target\classes started by dawed in C:\Learning materials\Spring\Spring August\course-assignment-for-us)
2021-09-25 18:47:38 [main] DEBUG e.m.c.s.CourseAssignmentForUsApplication - Running with Spring Boot v2.5.4, Spring v5.3.9
2021-09-25 18:47:38 [main] INFO  e.m.c.s.CourseAssignmentForUsApplication - No active profile set, falling back to default profiles: default
2021-09-25 18:47:49 [main] INFO  e.m.c.s.CourseAssignmentForUsApplication - Started CourseAssignmentForUsApplication in 11.468 seconds (JVM running for 13.802)
2021-09-25 19:19:37 [main] INFO  e.m.c.s.CourseAssignmentForUsApplication - Starting CourseAssignmentForUsApplication using Java 11.0.12 on LAPTOPEM4E837L with PID 18868 (C:\Learning materials\Spring\Spring August\course-assignment-for-us\target\classes started by dawed in C:\Learning materials\Spring\Spring August\course-assignment-for-us)
2021-09-25 19:19:37 [main] DEBUG e.m.c.s.CourseAssignmentForUsApplication - Running with Spring Boot v2.5.4, Spring v5.3.9
2021-09-25 19:19:37 [main] INFO  e.m.c.s.CourseAssignmentForUsApplication - No active profile set, falling back to default profiles: default
2021-09-25 19:19:43 [main] ERROR o.s.boot.SpringApplication - Application run failed
org.springframework.beans.factory.BeanCreationException: Error creating bean with name 'handlerExceptionResolver' defined in class path resource [org/springframework/boot/autoconfigure/web/servlet/WebMvcAutoConfiguration$EnableWebMvcConfiguration.class]: Bean instantiation via factory method failed; nested exception is org.springframework.beans.BeanInstantiationException: Failed to instantiate [org.springframework.web.servlet.HandlerExceptionResolver]: Factory method 'handlerExceptionResolver' threw exception; nested exception is java.lang.IllegalStateException: Ambiguous @ExceptionHandler method mapped for [class edu.miu.cs.se.customersubsystem.exceptions.CustomerNotModifiedException]: {org.springframework.http.ResponseEntity edu.miu.cs.se.customersubsystem.exceptions.CustomExceptionHandler.handleApiException(edu.miu.cs.se.customersubsystem.exceptions.CustomerNotModifiedException,org.springframework.web.context.request.WebRequest), org.springframework.http.ResponseEntity edu.miu.cs.se.customersubsystem.exceptions.CustomExceptionHandler.handleApiException(edu.miu.cs.se.customersubsystem.exceptions.CustomerNotDeletedException,org.springframework.web.context.request.WebRequest)}
	at org.springframework.beans.factory.support.ConstructorResolver.instantiate(ConstructorResolver.java:658)
	at org.springframework.beans.factory.support.ConstructorResolver.instantiateUsingFactoryMethod(ConstructorResolver.java:638)
	at org.springframework.beans.factory.support.AbstractAutowireCapableBeanFactory.instantiateUsingFactoryMethod(AbstractAutowireCapableBeanFactory.java:1334)
	at org.springframework.beans.factory.support.AbstractAutowireCapableBeanFactory.createBeanInstance(AbstractAutowireCapableBeanFactory.java:1177)
	at org.springframework.beans.factory.support.AbstractAutowireCapableBeanFactory.doCreateBean(AbstractAutowireCapableBeanFactory.java:564)
	at org.springframework.beans.factory.support.AbstractAutowireCapableBeanFactory.createBean(AbstractAutowireCapableBeanFactory.java:524)
	at org.springframework.beans.factory.support.AbstractBeanFactory.lambda$doGetBean$0(AbstractBeanFactory.java:335)
	at org.springframework.beans.factory.support.DefaultSingletonBeanRegistry.getSingleton(DefaultSingletonBeanRegistry.java:234)
	at org.springframework.beans.factory.support.AbstractBeanFactory.doGetBean(AbstractBeanFactory.java:333)
	at org.springframework.beans.factory.support.AbstractBeanFactory.getBean(AbstractBeanFactory.java:208)
	at org.springframework.beans.factory.support.DefaultListableBeanFactory.preInstantiateSingletons(DefaultListableBeanFactory.java:944)
	at org.springframework.context.support.AbstractApplicationContext.finishBeanFactoryInitialization(AbstractApplicationContext.java:918)
	at org.springframework.context.support.AbstractApplicationContext.refresh(AbstractApplicationContext.java:583)
	at org.springframework.boot.web.servlet.context.ServletWebServerApplicationContext.refresh(ServletWebServerApplicationContext.java:145)
	at org.springframework.boot.SpringApplication.refresh(SpringApplication.java:754)
	at org.springframework.boot.SpringApplication.refreshContext(SpringApplication.java:434)
	at org.springframework.boot.SpringApplication.run(SpringApplication.java:338)
	at org.springframework.boot.SpringApplication.run(SpringApplication.java:1343)
	at org.springframework.boot.SpringApplication.run(SpringApplication.java:1332)
	at edu.miu.cs.se.CourseAssignmentForUsApplication.main(CourseAssignmentForUsApplication.java:10)
Caused by: org.springframework.beans.BeanInstantiationException: Failed to instantiate [org.springframework.web.servlet.HandlerExceptionResolver]: Factory method 'handlerExceptionResolver' threw exception; nested exception is java.lang.IllegalStateException: Ambiguous @ExceptionHandler method mapped for [class edu.miu.cs.se.customersubsystem.exceptions.CustomerNotModifiedException]: {org.springframework.http.ResponseEntity edu.miu.cs.se.customersubsystem.exceptions.CustomExceptionHandler.handleApiException(edu.miu.cs.se.customersubsystem.exceptions.CustomerNotModifiedException,org.springframework.web.context.request.WebRequest), org.springframework.http.ResponseEntity edu.miu.cs.se.customersubsystem.exceptions.CustomExceptionHandler.handleApiException(edu.miu.cs.se.customersubsystem.exceptions.CustomerNotDeletedException,org.springframework.web.context.request.WebRequest)}
	at org.springframework.beans.factory.support.SimpleInstantiationStrategy.instantiate(SimpleInstantiationStrategy.java:185)
	at org.springframework.beans.factory.support.ConstructorResolver.instantiate(ConstructorResolver.java:653)
	... 19 common frames omitted
Caused by: java.lang.IllegalStateException: Ambiguous @ExceptionHandler method mapped for [class edu.miu.cs.se.customersubsystem.exceptions.CustomerNotModifiedException]: {org.springframework.http.ResponseEntity edu.miu.cs.se.customersubsystem.exceptions.CustomExceptionHandler.handleApiException(edu.miu.cs.se.customersubsystem.exceptions.CustomerNotModifiedException,org.springframework.web.context.request.WebRequest), org.springframework.http.ResponseEntity edu.miu.cs.se.customersubsystem.exceptions.CustomExceptionHandler.handleApiException(edu.miu.cs.se.customersubsystem.exceptions.CustomerNotDeletedException,org.springframework.web.context.request.WebRequest)}
	at org.springframework.web.method.annotation.ExceptionHandlerMethodResolver.addExceptionMapping(ExceptionHandlerMethodResolver.java:114)
	at org.springframework.web.method.annotation.ExceptionHandlerMethodResolver.<init>(ExceptionHandlerMethodResolver.java:78)
	at org.springframework.web.servlet.mvc.method.annotation.ExceptionHandlerExceptionResolver.initExceptionHandlerAdviceCache(ExceptionHandlerExceptionResolver.java:291)
	at org.springframework.web.servlet.mvc.method.annotation.ExceptionHandlerExceptionResolver.afterPropertiesSet(ExceptionHandlerExceptionResolver.java:268)
	at org.springframework.web.servlet.config.annotation.WebMvcConfigurationSupport.addDefaultHandlerExceptionResolvers(WebMvcConfigurationSupport.java:1090)
	at org.springframework.web.servlet.config.annotation.WebMvcConfigurationSupport.handlerExceptionResolver(WebMvcConfigurationSupport.java:1032)
	at java.base/jdk.internal.reflect.NativeMethodAccessorImpl.invoke0(Native Method)
	at java.base/jdk.internal.reflect.NativeMethodAccessorImpl.invoke(NativeMethodAccessorImpl.java:62)
	at java.base/jdk.internal.reflect.DelegatingMethodAccessorImpl.invoke(DelegatingMethodAccessorImpl.java:43)
	at java.base/java.lang.reflect.Method.invoke(Method.java:566)
	at org.springframework.beans.factory.support.SimpleInstantiationStrategy.instantiate(SimpleInstantiationStrategy.java:154)
	... 20 common frames omitted
2021-09-25 19:21:43 [main] INFO  e.m.c.s.CourseAssignmentForUsApplication - Starting CourseAssignmentForUsApplication using Java 11.0.12 on LAPTOPEM4E837L with PID 37736 (C:\Learning materials\Spring\Spring August\course-assignment-for-us\target\classes started by dawed in C:\Learning materials\Spring\Spring August\course-assignment-for-us)
2021-09-25 19:21:43 [main] INFO  e.m.c.s.CourseAssignmentForUsApplication - No active profile set, falling back to default profiles: default
