2021-09-27 09:30:44 [main] INFO  e.m.c.s.CourseAssignmentForUsApplication - Starting CourseAssignmentForUsApplication using Java 11.0.12 on LAPTOPEM4E837L with PID 14480 (C:\Learning materials\Spring\Spring August\course-assignment-for-us\target\classes started by dawed in C:\Learning materials\Spring\Spring August\course-assignment-for-us)
2021-09-27 09:30:44 [main] INFO  e.m.c.s.CourseAssignmentForUsApplication - No active profile set, falling back to default profiles: default
2021-09-27 09:30:56 [main] INFO  e.m.c.s.CourseAssignmentForUsApplication - Started CourseAssignmentForUsApplication in 12.314 seconds (JVM running for 14.568)
2021-09-27 11:32:51 [main] INFO  e.m.c.s.CourseAssignmentForUsApplication - Starting CourseAssignmentForUsApplication using Java 11.0.12 on LAPTOPEM4E837L with PID 28052 (C:\Learning materials\Spring\Spring August\course-assignment-for-us\target\classes started by dawed in C:\Learning materials\Spring\Spring August\course-assignment-for-us)
2021-09-27 11:32:51 [main] INFO  e.m.c.s.CourseAssignmentForUsApplication - No active profile set, falling back to default profiles: default
2021-09-27 11:33:03 [main] INFO  e.m.c.s.CourseAssignmentForUsApplication - Started CourseAssignmentForUsApplication in 13.41 seconds (JVM running for 16.125)
2021-09-27 13:08:00 [http-nio-8080-exec-5] INFO  e.m.c.s.c.c.CustomerController - /api/v1/customer/save is being accessed!
2021-09-27 13:09:41 [http-nio-8080-exec-2] INFO  e.m.c.s.c.c.CustomerController - /api/v1/customer/save is being accessed!
2021-09-27 13:16:16 [main] INFO  e.m.c.s.CourseAssignmentForUsApplication - Starting CourseAssignmentForUsApplication using Java 11.0.12 on LAPTOPEM4E837L with PID 21924 (C:\Learning materials\Spring\Spring August\course-assignment-for-us\target\classes started by dawed in C:\Learning materials\Spring\Spring August\course-assignment-for-us)
2021-09-27 13:16:16 [main] INFO  e.m.c.s.CourseAssignmentForUsApplication - No active profile set, falling back to default profiles: default
2021-09-27 13:16:29 [main] INFO  e.m.c.s.CourseAssignmentForUsApplication - Started CourseAssignmentForUsApplication in 13.832 seconds (JVM running for 16.124)
2021-09-27 15:59:57 [http-nio-8080-exec-4] INFO  e.m.c.s.c.c.CustomerController - /api/v1/customer/save is being accessed!
2021-09-27 16:04:59 [http-nio-8080-exec-7] INFO  e.m.c.s.c.c.CustomerController - /api/v1/customer/save is being accessed!
2021-09-27 16:05:48 [http-nio-8080-exec-8] INFO  e.m.c.s.c.c.CustomerController - /api/v1/customer/save is being accessed!
2021-09-27 16:17:09 [main] INFO  e.m.c.s.CourseAssignmentForUsApplication - Starting CourseAssignmentForUsApplication using Java 11.0.12 on LAPTOPEM4E837L with PID 39808 (C:\Learning materials\Spring\Spring August\course-assignment-for-us\target\classes started by dawed in C:\Learning materials\Spring\Spring August\course-assignment-for-us)
2021-09-27 16:17:09 [main] INFO  e.m.c.s.CourseAssignmentForUsApplication - No active profile set, falling back to default profiles: default
2021-09-27 16:17:20 [main] INFO  e.m.c.s.CourseAssignmentForUsApplication - Started CourseAssignmentForUsApplication in 12.025 seconds (JVM running for 15.095)
2021-09-27 16:22:01 [main] INFO  e.m.c.s.CourseAssignmentForUsApplication - Starting CourseAssignmentForUsApplication using Java 11.0.12 on LAPTOPEM4E837L with PID 30816 (C:\Learning materials\Spring\Spring August\course-assignment-for-us\target\classes started by dawed in C:\Learning materials\Spring\Spring August\course-assignment-for-us)
2021-09-27 16:22:01 [main] INFO  e.m.c.s.CourseAssignmentForUsApplication - No active profile set, falling back to default profiles: default
2021-09-27 16:22:09 [main] INFO  e.m.c.s.CourseAssignmentForUsApplication - Started CourseAssignmentForUsApplication in 9.094 seconds (JVM running for 10.975)
2021-09-27 16:27:24 [http-nio-8080-exec-2] INFO  e.m.c.s.s.c.ShoppingCartController - /api/v1/shopping-cart/all api resource is being fetched
2021-09-27 16:28:21 [http-nio-8080-exec-5] INFO  e.m.c.s.o.controller.OrderController - /api/v1/order/all api resource is being fetched
2021-09-27 16:28:59 [http-nio-8080-exec-6] INFO  e.m.c.s.o.c.OrderItemController - /api/v1/order-item/all api resource is being fetched
2021-09-27 16:29:55 [http-nio-8080-exec-7] INFO  e.m.c.s.c.c.CustomerController - /api/v1/customer/all api resource is being fetched
2021-09-27 16:31:07 [http-nio-8080-exec-9] INFO  e.m.c.s.p.c.CreditCardController - /api/v1/credit-card/all api resource is being fetched
2021-09-27 16:31:28 [http-nio-8080-exec-10] INFO  e.m.c.s.p.c.CatalogController - /api/v1/catalog/all api resource is being fetched
2021-09-27 16:31:41 [http-nio-8080-exec-1] INFO  e.m.c.s.s.c.ShoppingCartItemController - /api/v1/shopping-cart-item/all api resource is being fetched
